[2025-07-11 23:48:46,426] INFO: Iniciando análise estatística...
[2025-07-11 23:48:46,470] INFO: Resumo estatístico calculado com sucesso.
[2025-07-12 01:15:45,005] INFO: Chaves disponíveis: dict_keys(['ADA', 'AVAX', 'BNB', 'BTC', 'DOGE', 'DOT', 'ETH', 'SHIB', 'SOL', 'XRP'])
[2025-07-12 01:15:45,033] INFO: Iniciando análise estatística...
[2025-07-12 01:15:45,061] INFO: Resumo estatístico calculado com sucesso.
[2025-07-12 01:15:45,073] INFO: Análise estatística concluída!
[2025-07-12 01:15:45,884] INFO: Gerando gráfico para ADA...
[2025-07-12 01:15:46,290] INFO: Gerando gráfico para AVAX...
[2025-07-12 01:15:46,593] INFO: Gerando gráfico para BNB...
[2025-07-12 01:15:46,856] INFO: Gerando gráfico para BTC...
[2025-07-12 01:15:47,152] INFO: Gerando gráfico para DOGE...
[2025-07-12 01:15:47,442] INFO: Gerando gráfico para DOT...
[2025-07-12 01:15:47,649] INFO: Gerando gráfico para ETH...
[2025-07-12 01:15:47,887] INFO: Gerando gráfico para SHIB...
[2025-07-12 01:15:48,130] INFO: Gerando gráfico para SOL...
[2025-07-12 01:15:48,355] INFO: Gerando gráfico para XRP...
[2025-07-12 01:20:07,660] INFO: Chaves disponíveis: dict_keys(['ADA', 'AVAX', 'BNB', 'BTC', 'DOGE', 'DOT', 'ETH', 'SHIB', 'SOL', 'XRP'])
[2025-07-12 01:20:07,678] INFO: Iniciando análise estatística...
[2025-07-12 01:20:07,692] INFO: Resumo estatístico calculado com sucesso.
[2025-07-12 01:20:07,699] INFO: Análise estatística concluída!
[2025-07-12 01:20:08,732] INFO: Gerando gráfico para ADA...
[2025-07-12 01:20:09,398] INFO: Gerando gráfico para AVAX...
[2025-07-12 01:20:09,822] INFO: Gerando gráfico para BNB...
[2025-07-12 01:20:10,403] INFO: Gerando gráfico para BTC...
[2025-07-12 01:20:10,882] INFO: Gerando gráfico para DOGE...
[2025-07-12 01:20:11,367] INFO: Gerando gráfico para DOT...
[2025-07-12 01:20:11,778] INFO: Gerando gráfico para ETH...
[2025-07-12 01:20:12,203] INFO: Gerando gráfico para SHIB...
[2025-07-12 01:20:12,630] INFO: Gerando gráfico para SOL...
[2025-07-12 01:20:13,204] INFO: Gerando gráfico para XRP...
[2025-07-12 01:20:34,475] INFO: Chaves disponíveis: dict_keys(['ADA', 'AVAX', 'BNB', 'BTC', 'DOGE', 'DOT', 'ETH', 'SHIB', 'SOL', 'XRP'])
[2025-07-12 01:20:34,494] INFO: Iniciando análise estatística...
[2025-07-12 01:20:34,512] INFO: Resumo estatístico calculado com sucesso.
[2025-07-12 01:20:34,521] INFO: Análise estatística concluída!
[2025-07-12 01:20:35,165] INFO: Gerando gráfico para ADA...
[2025-07-12 01:20:35,342] INFO: Gerando gráfico para AVAX...
[2025-07-12 01:20:35,536] INFO: Gerando gráfico para BNB...
[2025-07-12 01:20:35,705] INFO: Gerando gráfico para BTC...
[2025-07-12 01:20:35,877] INFO: Gerando gráfico para DOGE...
[2025-07-12 01:20:36,052] INFO: Gerando gráfico para DOT...
[2025-07-12 01:20:36,198] INFO: Gerando gráfico para ETH...
[2025-07-12 01:20:36,360] INFO: Gerando gráfico para SHIB...
[2025-07-12 01:20:36,535] INFO: Gerando gráfico para SOL...
[2025-07-12 01:20:36,686] INFO: Gerando gráfico para XRP...
[2025-07-12 01:21:40,554] INFO: Chaves disponíveis: dict_keys(['ADA', 'AVAX', 'BNB', 'BTC', 'DOGE', 'DOT', 'ETH', 'SHIB', 'SOL', 'XRP'])
[2025-07-12 01:21:40,570] INFO: Iniciando análise estatística...
[2025-07-12 01:21:40,585] INFO: Resumo estatístico calculado com sucesso.
[2025-07-12 01:21:40,592] INFO: Análise estatística concluída!
[2025-07-12 01:21:41,549] INFO: Gerando gráfico para ADA...
[2025-07-12 01:21:42,036] INFO: Gerando gráfico para AVAX...
[2025-07-12 01:21:42,543] INFO: Gerando gráfico para BNB...
[2025-07-12 01:21:42,975] INFO: Gerando gráfico para BTC...
[2025-07-12 01:21:43,468] INFO: Gerando gráfico para DOGE...
[2025-07-12 01:21:43,865] INFO: Gerando gráfico para DOT...
[2025-07-12 01:21:44,292] INFO: Gerando gráfico para ETH...
[2025-07-12 01:21:44,706] INFO: Gerando gráfico para SHIB...
[2025-07-12 01:21:45,108] INFO: Gerando gráfico para SOL...
[2025-07-12 01:21:45,479] INFO: Gerando gráfico para XRP...
[2025-07-12 01:28:48,715] INFO: Chaves disponíveis: dict_keys(['ADA', 'AVAX', 'BNB', 'BTC', 'DOGE', 'DOT', 'ETH', 'SHIB', 'SOL', 'XRP'])
[2025-07-12 01:28:48,739] INFO: Iniciando análise estatística...
[2025-07-12 01:28:48,753] INFO: Resumo estatístico calculado com sucesso.
[2025-07-12 01:28:48,760] INFO: Análise estatística concluída!
[2025-07-12 01:28:49,900] INFO: Gerando gráfico para ADA...
[2025-07-12 01:28:50,419] INFO: Gerando gráfico para AVAX...
[2025-07-12 01:28:50,866] INFO: Gerando gráfico para BNB...
[2025-07-12 01:28:51,354] INFO: Gerando gráfico para BTC...
[2025-07-12 01:28:51,914] INFO: Gerando gráfico para DOGE...
[2025-07-12 01:28:52,372] INFO: Gerando gráfico para DOT...
[2025-07-12 01:28:52,826] INFO: Gerando gráfico para ETH...
[2025-07-12 01:28:53,278] INFO: Gerando gráfico para SHIB...
[2025-07-12 01:28:53,724] INFO: Gerando gráfico para SOL...
[2025-07-12 01:28:54,129] INFO: Gerando gráfico para XRP...
[2025-07-12 01:30:40,199] INFO: Chaves disponíveis: dict_keys(['ADA', 'AVAX', 'BNB', 'BTC', 'DOGE', 'DOT', 'ETH', 'SHIB', 'SOL', 'XRP'])
[2025-07-12 01:30:40,217] INFO: Iniciando análise estatística...
[2025-07-12 01:30:40,247] INFO: Resumo estatístico calculado com sucesso.
[2025-07-12 01:30:40,254] INFO: Análise estatística concluída!
[2025-07-12 01:30:41,211] INFO: Gerando gráfico para ADA...
[2025-07-12 01:30:41,711] INFO: Gerando gráfico para AVAX...
[2025-07-12 01:30:42,103] INFO: Gerando gráfico para BNB...
[2025-07-12 01:30:42,525] INFO: Gerando gráfico para BTC...
[2025-07-12 01:30:42,948] INFO: Gerando gráfico para DOGE...
[2025-07-12 01:30:43,394] INFO: Gerando gráfico para DOT...
[2025-07-12 01:30:43,881] INFO: Gerando gráfico para ETH...
[2025-07-12 01:30:44,440] INFO: Gerando gráfico para SHIB...
[2025-07-12 01:30:44,843] INFO: Gerando gráfico para SOL...
[2025-07-12 01:30:45,271] INFO: Gerando gráfico para XRP...
[2025-07-12 01:32:06,223] INFO: Chaves disponíveis: dict_keys(['ADA', 'AVAX', 'BNB', 'BTC', 'DOGE', 'DOT', 'ETH', 'SHIB', 'SOL', 'XRP'])
[2025-07-12 01:32:06,243] INFO: Iniciando análise estatística...
[2025-07-12 01:32:06,260] INFO: Resumo estatístico calculado com sucesso.
[2025-07-12 01:32:06,268] INFO: Análise estatística concluída!
[2025-07-12 01:32:06,268] ERROR: Erro durante a análise descritiva
Traceback (most recent call last):
  File "/home/projeto_final_marcelo/src/stats.py", line 56, in run_descriptive_analysis
    salvar_boxplot_precos(dados, 'figures', dpi=dpi)
    ~~~~~~~~~~~~~~~~~~~~~^^^^^^^^^^^^^^^^^^^^^^^^^^^
  File "/home/projeto_final_marcelo/src/modules/visualizations.py", line 72, in salvar_boxplot_precos
    raise ValueError("Test error: This is a manual error to test exception handling")
ValueError: Test error: This is a manual error to test exception handling
[2025-07-12 01:32:54,558] INFO: Chaves disponíveis: dict_keys(['ADA', 'AVAX', 'BNB', 'BTC', 'DOGE', 'DOT', 'ETH', 'SHIB', 'SOL', 'XRP'])
[2025-07-12 01:32:54,574] INFO: Iniciando análise estatística...
[2025-07-12 01:32:54,589] INFO: Resumo estatístico calculado com sucesso.
[2025-07-12 01:32:54,599] INFO: Análise estatística concluída!
[2025-07-12 01:32:55,531] INFO: Gerando gráfico para ADA...
[2025-07-12 01:32:55,955] INFO: Gerando gráfico para AVAX...
[2025-07-12 01:32:56,447] INFO: Gerando gráfico para BNB...
[2025-07-12 01:32:56,909] INFO: Gerando gráfico para BTC...
[2025-07-12 01:32:57,423] INFO: Gerando gráfico para DOGE...
[2025-07-12 01:32:57,954] INFO: Gerando gráfico para DOT...
[2025-07-12 01:32:58,376] INFO: Gerando gráfico para ETH...
[2025-07-12 01:32:58,821] INFO: Gerando gráfico para SHIB...
[2025-07-12 01:32:59,335] INFO: Gerando gráfico para SOL...
[2025-07-12 01:32:59,785] INFO: Gerando gráfico para XRP...
[2025-07-12 01:35:12,957] INFO: Chaves disponíveis: dict_keys(['ADA', 'AVAX', 'BNB', 'BTC', 'DOGE', 'DOT', 'ETH', 'SHIB', 'SOL', 'XRP'])
[2025-07-12 01:35:12,974] INFO: Iniciando análise estatística...
[2025-07-12 01:35:12,999] INFO: Resumo estatístico calculado com sucesso.
[2025-07-12 01:35:13,000] INFO: Análise estatística concluída!
[2025-07-12 01:35:13,951] INFO: Gerando gráfico para ADA...
[2025-07-12 01:35:14,393] INFO: Gerando gráfico para AVAX...
[2025-07-12 01:35:14,798] INFO: Gerando gráfico para BNB...
[2025-07-12 01:35:15,205] INFO: Gerando gráfico para BTC...
[2025-07-12 01:35:15,704] INFO: Gerando gráfico para DOGE...
[2025-07-12 01:35:16,124] INFO: Gerando gráfico para DOT...
[2025-07-12 01:35:16,588] INFO: Gerando gráfico para ETH...
[2025-07-12 01:35:16,982] INFO: Gerando gráfico para SHIB...
[2025-07-12 01:35:17,434] INFO: Gerando gráfico para SOL...
[2025-07-12 01:35:17,837] INFO: Gerando gráfico para XRP...
[2025-07-12 01:36:26,082] INFO: Chaves disponíveis: dict_keys(['ADA', 'AVAX', 'BNB', 'BTC', 'DOGE', 'DOT', 'ETH', 'SHIB', 'SOL', 'XRP'])
[2025-07-12 01:36:26,102] INFO: Iniciando análise estatística...
[2025-07-12 01:36:26,115] INFO: Resumo estatístico calculado com sucesso.
[2025-07-12 01:36:26,115] INFO: Análise estatística concluída!
[2025-07-12 01:36:27,295] INFO: Gerando gráfico para ADA...
[2025-07-12 01:36:27,734] INFO: Gerando gráfico para AVAX...
[2025-07-12 01:36:28,132] INFO: Gerando gráfico para BNB...
[2025-07-12 01:36:28,532] INFO: Gerando gráfico para BTC...
[2025-07-12 01:36:28,937] INFO: Gerando gráfico para DOGE...
[2025-07-12 01:36:29,313] INFO: Gerando gráfico para DOT...
[2025-07-12 01:36:29,713] INFO: Gerando gráfico para ETH...
[2025-07-12 01:36:30,201] INFO: Gerando gráfico para SHIB...
[2025-07-12 01:36:30,589] INFO: Gerando gráfico para SOL...
[2025-07-12 01:36:31,017] INFO: Gerando gráfico para XRP...
[2025-07-12 01:38:08,839] INFO: Chaves disponíveis: dict_keys(['ADA', 'AVAX', 'BNB', 'BTC', 'DOGE', 'DOT', 'ETH', 'SHIB', 'SOL', 'XRP'])
[2025-07-12 01:38:08,880] INFO: Iniciando análise estatística...
[2025-07-12 01:38:09,044] INFO: Resumo estatístico calculado com sucesso.
[2025-07-12 01:38:09,044] INFO: Análise estatística concluída!
[2025-07-12 01:38:10,081] INFO: Gerando gráfico para ADA...
[2025-07-12 01:38:10,560] INFO: Gerando gráfico para AVAX...
[2025-07-12 01:38:11,010] INFO: Gerando gráfico para BNB...
[2025-07-12 01:38:11,600] INFO: Gerando gráfico para BTC...
[2025-07-12 01:38:12,059] INFO: Gerando gráfico para DOGE...
[2025-07-12 01:38:12,495] INFO: Gerando gráfico para DOT...
[2025-07-12 01:38:12,911] INFO: Gerando gráfico para ETH...
[2025-07-12 01:38:13,329] INFO: Gerando gráfico para SHIB...
[2025-07-12 01:38:13,779] INFO: Gerando gráfico para SOL...
[2025-07-12 01:38:14,301] INFO: Gerando gráfico para XRP...
[2025-07-12 17:48:20,882] INFO: Chaves disponíveis: dict_keys(['ADA', 'AVAX', 'BNB', 'BTC', 'DOGE', 'DOT', 'ETH', 'SHIB', 'SOL', 'XRP'])
[2025-07-12 17:48:20,904] INFO: Iniciando análise estatística...
[2025-07-12 17:48:20,936] INFO: Resumo estatístico calculado com sucesso.
[2025-07-12 17:48:20,936] INFO: Análise estatística concluída!
[2025-07-12 17:48:22,099] INFO: Gerando gráfico para ADA...
[2025-07-12 17:48:22,534] INFO: Gerando gráfico para AVAX...
[2025-07-12 17:48:22,923] INFO: Gerando gráfico para BNB...
[2025-07-12 17:48:23,391] INFO: Gerando gráfico para BTC...
[2025-07-12 17:48:23,786] INFO: Gerando gráfico para DOGE...
[2025-07-12 17:48:24,318] INFO: Gerando gráfico para DOT...
[2025-07-12 17:48:24,752] INFO: Gerando gráfico para ETH...
[2025-07-12 17:48:25,180] INFO: Gerando gráfico para SHIB...
[2025-07-12 17:48:25,643] INFO: Gerando gráfico para SOL...
[2025-07-12 17:48:26,050] INFO: Gerando gráfico para XRP...
[2025-07-12 18:46:34,883] INFO: Chaves disponíveis: dict_keys(['ADA', 'AVAX', 'BNB', 'BTC', 'DOGE', 'DOT', 'ETH', 'SHIB', 'SOL', 'XRP'])
[2025-07-12 18:46:34,904] INFO: Iniciando análise estatística...
[2025-07-12 18:46:34,930] INFO: Resumo estatístico calculado com sucesso.
[2025-07-12 18:46:34,930] INFO: Análise estatística concluída!
[2025-07-12 18:46:36,055] INFO: Gerando gráfico para ADA...
[2025-07-12 18:46:36,785] INFO: Gerando gráfico para AVAX...
[2025-07-12 18:46:37,168] INFO: Gerando gráfico para BNB...
[2025-07-12 18:46:37,553] INFO: Gerando gráfico para BTC...
[2025-07-12 18:46:37,955] INFO: Gerando gráfico para DOGE...
[2025-07-12 18:46:38,458] INFO: Gerando gráfico para DOT...
[2025-07-12 18:46:39,388] INFO: Gerando gráfico para ETH...
[2025-07-12 18:46:39,878] INFO: Gerando gráfico para SHIB...
[2025-07-12 18:46:40,350] INFO: Gerando gráfico para SOL...
[2025-07-12 18:46:40,806] INFO: Gerando gráfico para XRP...
[2025-07-12 18:48:54,614] INFO: Chaves disponíveis: dict_keys(['ADA', 'AVAX', 'BNB', 'BTC', 'DOGE', 'DOT', 'ETH', 'SHIB', 'SOL', 'XRP'])
[2025-07-12 18:48:54,646] INFO: Iniciando análise estatística...
[2025-07-12 18:48:54,690] INFO: Resumo estatístico calculado com sucesso.
[2025-07-12 18:48:54,690] INFO: Análise estatística concluída!
[2025-07-12 18:48:56,043] INFO: Gerando gráfico para ADA...
[2025-07-12 18:48:56,670] INFO: Gerando gráfico para AVAX...
[2025-07-12 18:48:57,086] INFO: Gerando gráfico para BNB...
[2025-07-12 18:48:57,471] INFO: Gerando gráfico para BTC...
[2025-07-12 18:48:58,143] INFO: Gerando gráfico para DOGE...
[2025-07-12 18:48:58,656] INFO: Gerando gráfico para DOT...
[2025-07-12 18:48:59,210] INFO: Gerando gráfico para ETH...
[2025-07-12 18:48:59,656] INFO: Gerando gráfico para SHIB...
[2025-07-12 18:49:00,236] INFO: Gerando gráfico para SOL...
[2025-07-12 18:49:00,698] INFO: Gerando gráfico para XRP...
[2025-07-12 18:49:27,099] INFO: Chaves disponíveis: dict_keys(['ADA', 'AVAX', 'BNB', 'BTC', 'DOGE', 'DOT', 'ETH', 'SHIB', 'SOL', 'XRP'])
[2025-07-12 18:49:27,117] INFO: Iniciando análise estatística...
[2025-07-12 18:49:27,141] INFO: Resumo estatístico calculado com sucesso.
[2025-07-12 18:49:27,142] INFO: Análise estatística concluída!
[2025-07-12 18:49:28,220] INFO: Gerando gráfico para ADA...
[2025-07-12 18:49:28,703] INFO: Gerando gráfico para AVAX...
[2025-07-12 18:49:29,185] INFO: Gerando gráfico para BNB...
[2025-07-12 18:49:29,658] INFO: Gerando gráfico para BTC...
[2025-07-12 18:49:30,222] INFO: Gerando gráfico para DOGE...
[2025-07-12 18:49:30,627] INFO: Gerando gráfico para DOT...
[2025-07-12 18:49:31,035] INFO: Gerando gráfico para ETH...
[2025-07-12 18:49:31,455] INFO: Gerando gráfico para SHIB...
[2025-07-12 18:49:31,926] INFO: Gerando gráfico para SOL...
[2025-07-12 18:49:32,403] INFO: Gerando gráfico para XRP...
[2025-07-12 19:01:39,043] INFO: Chaves disponíveis: dict_keys(['ADA', 'AVAX', 'BNB', 'BTC', 'DOGE', 'DOT', 'ETH', 'SHIB', 'SOL', 'XRP'])
[2025-07-12 19:01:39,085] INFO: Iniciando análise estatística...
[2025-07-12 19:01:39,366] INFO: Resumo estatístico calculado com sucesso.
[2025-07-12 19:01:39,366] INFO: Análise estatística concluída!
[2025-07-12 19:01:40,837] INFO: Gerando gráfico para ADA...
[2025-07-12 19:01:41,286] INFO: Gerando gráfico para AVAX...
[2025-07-12 19:01:41,906] INFO: Gerando gráfico para BNB...
[2025-07-12 19:01:42,366] INFO: Gerando gráfico para BTC...
[2025-07-12 19:01:42,933] INFO: Gerando gráfico para DOGE...
[2025-07-12 19:01:43,438] INFO: Gerando gráfico para DOT...
[2025-07-12 19:01:43,885] INFO: Gerando gráfico para ETH...
[2025-07-12 19:01:44,384] INFO: Gerando gráfico para SHIB...
[2025-07-12 19:01:44,834] INFO: Gerando gráfico para SOL...
[2025-07-12 19:01:45,671] INFO: Gerando gráfico para XRP...
[2025-07-12 19:13:59,255] INFO: Chaves disponíveis: dict_keys(['ADA', 'AVAX', 'BNB', 'BTC', 'DOGE', 'DOT', 'ETH', 'SHIB', 'SOL', 'XRP'])
[2025-07-12 19:13:59,273] INFO: Iniciando análise estatística...
[2025-07-12 19:13:59,648] INFO: Resumo estatístico calculado com sucesso.
[2025-07-12 19:13:59,648] INFO: Análise estatística concluída!
[2025-07-12 19:14:01,121] INFO: Gerando gráfico para ADA...
[2025-07-12 19:14:01,879] INFO: Gerando gráfico para AVAX...
[2025-07-12 19:14:02,459] INFO: Gerando gráfico para BNB...
[2025-07-12 19:14:03,071] INFO: Gerando gráfico para BTC...
[2025-07-12 19:14:03,575] INFO: Gerando gráfico para DOGE...
[2025-07-12 19:14:04,032] INFO: Gerando gráfico para DOT...
[2025-07-12 19:14:04,578] INFO: Gerando gráfico para ETH...
[2025-07-12 19:14:05,267] INFO: Gerando gráfico para SHIB...
[2025-07-12 19:14:05,753] INFO: Gerando gráfico para SOL...
[2025-07-12 19:14:06,113] INFO: Gerando gráfico para XRP...
[2025-07-12 19:16:12,597] INFO: Chaves disponíveis: dict_keys(['ADA', 'AVAX', 'BNB', 'BTC', 'DOGE', 'DOT', 'ETH', 'SHIB', 'SOL', 'XRP'])
[2025-07-12 19:16:12,614] INFO: Iniciando análise estatística...
[2025-07-12 19:16:12,911] INFO: Resumo estatístico calculado com sucesso.
[2025-07-12 19:16:12,911] INFO: Análise estatística concluída!
[2025-07-12 19:16:13,836] INFO: Gerando gráfico para ADA...
[2025-07-12 19:16:14,275] INFO: Gerando gráfico para AVAX...
[2025-07-12 19:16:14,735] INFO: Gerando gráfico para BNB...
[2025-07-12 19:16:15,189] INFO: Gerando gráfico para BTC...
[2025-07-12 19:16:15,602] INFO: Gerando gráfico para DOGE...
[2025-07-12 19:16:15,989] INFO: Gerando gráfico para DOT...
[2025-07-12 19:16:16,389] INFO: Gerando gráfico para ETH...
[2025-07-12 19:16:16,832] INFO: Gerando gráfico para SHIB...
[2025-07-12 19:16:17,465] INFO: Gerando gráfico para SOL...
[2025-07-12 19:16:17,953] INFO: Gerando gráfico para XRP...
[2025-07-12 19:17:53,182] INFO: Chaves disponíveis: dict_keys(['ADA', 'AVAX', 'BNB', 'BTC', 'DOGE', 'DOT', 'ETH', 'SHIB', 'SOL', 'XRP'])
[2025-07-12 19:17:53,198] INFO: Iniciando análise estatística...
[2025-07-12 19:17:53,446] INFO: Resumo estatístico calculado com sucesso.
[2025-07-12 19:17:53,446] INFO: Análise estatística concluída!
[2025-07-12 19:17:54,374] INFO: Gerando gráfico para ADA...
[2025-07-12 19:17:54,885] INFO: Gerando gráfico para AVAX...
[2025-07-12 19:17:55,282] INFO: Gerando gráfico para BNB...
[2025-07-12 19:17:55,711] INFO: Gerando gráfico para BTC...
[2025-07-12 19:17:56,178] INFO: Gerando gráfico para DOGE...
[2025-07-12 19:17:56,552] INFO: Gerando gráfico para DOT...
[2025-07-12 19:17:56,897] INFO: Gerando gráfico para ETH...
[2025-07-12 19:17:57,395] INFO: Gerando gráfico para SHIB...
[2025-07-12 19:17:57,792] INFO: Gerando gráfico para SOL...
[2025-07-12 19:17:58,190] INFO: Gerando gráfico para XRP...
[2025-07-12 19:31:53,497] INFO: Chaves disponíveis: dict_keys(['ADA', 'AVAX', 'BNB', 'BTC', 'DOGE', 'DOT', 'ETH', 'SHIB', 'SOL', 'XRP'])
[2025-07-12 19:31:53,513] INFO: Iniciando análise estatística...
[2025-07-12 19:31:53,873] INFO: Resumo estatístico calculado com sucesso.
[2025-07-12 19:31:53,873] INFO: Análise estatística concluída!
[2025-07-12 19:31:54,806] INFO: Gerando gráfico para ADA...
[2025-07-12 19:31:55,239] INFO: Gerando gráfico para AVAX...
[2025-07-12 19:31:55,659] INFO: Gerando gráfico para BNB...
[2025-07-12 19:31:56,264] INFO: Gerando gráfico para BTC...
[2025-07-12 19:31:56,790] INFO: Gerando gráfico para DOGE...
[2025-07-12 19:31:57,221] INFO: Gerando gráfico para DOT...
[2025-07-12 19:31:57,598] INFO: Gerando gráfico para ETH...
[2025-07-12 19:31:58,057] INFO: Gerando gráfico para SHIB...
[2025-07-12 19:31:58,589] INFO: Gerando gráfico para SOL...
[2025-07-12 19:31:58,977] INFO: Gerando gráfico para XRP...
[2025-07-12 19:43:08,615] INFO: Chaves disponíveis: dict_keys(['ADA', 'AVAX', 'BNB', 'BTC', 'DOGE', 'DOT', 'ETH', 'SHIB', 'SOL', 'XRP'])
[2025-07-12 19:43:08,632] INFO: Iniciando análise estatística...
[2025-07-12 19:43:08,879] INFO: Resumo estatístico calculado e exibido com sucesso.
[2025-07-12 19:43:08,880] INFO: Análise estatística concluída!
[2025-07-12 19:43:09,779] INFO: Gerando gráfico para ADA...
[2025-07-12 19:43:10,273] INFO: Gerando gráfico para AVAX...
[2025-07-12 19:43:10,770] INFO: Gerando gráfico para BNB...
[2025-07-12 19:43:11,270] INFO: Gerando gráfico para BTC...
[2025-07-12 19:43:11,638] INFO: Gerando gráfico para DOGE...
[2025-07-12 19:43:12,014] INFO: Gerando gráfico para DOT...
[2025-07-12 19:43:12,367] INFO: Gerando gráfico para ETH...
[2025-07-12 19:43:12,771] INFO: Gerando gráfico para SHIB...
[2025-07-12 19:43:13,419] INFO: Gerando gráfico para SOL...
[2025-07-12 19:43:13,771] INFO: Gerando gráfico para XRP...
[2025-07-12 19:45:11,110] INFO: Chaves disponíveis: dict_keys(['ADA', 'AVAX', 'BNB', 'BTC', 'DOGE', 'DOT', 'ETH', 'SHIB', 'SOL', 'XRP'])
[2025-07-12 19:45:11,128] INFO: Iniciando análise estatística...
[2025-07-12 19:45:11,406] INFO: Resumo estatístico calculado e exibido com sucesso.
[2025-07-12 19:45:11,406] INFO: Análise estatística concluída!
[2025-07-12 19:45:12,433] INFO: Gerando gráfico para ADA...
[2025-07-12 19:45:12,924] INFO: Gerando gráfico para AVAX...
[2025-07-12 19:45:13,564] INFO: Gerando gráfico para BNB...
[2025-07-12 19:45:14,020] INFO: Gerando gráfico para BTC...
[2025-07-12 19:45:14,580] INFO: Gerando gráfico para DOGE...
[2025-07-12 19:45:14,981] INFO: Gerando gráfico para DOT...
[2025-07-12 19:45:15,364] INFO: Gerando gráfico para ETH...
[2025-07-12 19:45:15,806] INFO: Gerando gráfico para SHIB...
[2025-07-12 19:45:16,197] INFO: Gerando gráfico para SOL...
[2025-07-12 19:45:16,563] INFO: Gerando gráfico para XRP...
[2025-07-12 20:30:30,407] INFO: Chaves disponíveis: dict_keys(['ADA', 'AVAX', 'BNB', 'BTC', 'DOGE', 'DOT', 'ETH', 'SHIB', 'SOL', 'XRP'])
[2025-07-12 20:30:30,424] INFO: Iniciando análise estatística...
[2025-07-12 20:30:30,694] INFO: Resumo estatístico calculado e exibido com sucesso.
[2025-07-12 20:30:30,696] INFO: Análise estatística concluída!
[2025-07-12 20:30:31,688] INFO: Gerando gráfico para ADA...
[2025-07-12 20:30:32,068] INFO: Gerando gráfico para AVAX...
[2025-07-12 20:30:32,505] INFO: Gerando gráfico para BNB...
[2025-07-12 20:30:33,234] INFO: Gerando gráfico para BTC...
[2025-07-12 20:30:33,665] INFO: Gerando gráfico para DOGE...
[2025-07-12 20:30:34,079] INFO: Gerando gráfico para DOT...
[2025-07-12 20:30:34,490] INFO: Gerando gráfico para ETH...
[2025-07-12 20:30:34,941] INFO: Gerando gráfico para SHIB...
[2025-07-12 20:30:35,546] INFO: Gerando gráfico para SOL...
[2025-07-12 20:30:35,949] INFO: Gerando gráfico para XRP...
[2025-07-12 20:31:02,973] INFO: Chaves disponíveis: dict_keys(['ADA', 'AVAX', 'BNB', 'BTC', 'DOGE', 'DOT', 'ETH', 'SHIB', 'SOL', 'XRP'])
[2025-07-12 20:31:02,989] INFO: Iniciando análise estatística...
[2025-07-12 20:31:03,282] INFO: Resumo estatístico calculado e exibido com sucesso.
[2025-07-12 20:31:03,282] INFO: Análise estatística concluída!
[2025-07-12 20:31:04,650] INFO: Gerando gráfico para ADA...
[2025-07-12 20:31:05,206] INFO: Gerando gráfico para AVAX...
[2025-07-12 20:31:05,628] INFO: Gerando gráfico para BNB...
[2025-07-12 20:31:06,081] INFO: Gerando gráfico para BTC...
[2025-07-12 20:31:06,612] INFO: Gerando gráfico para DOGE...
[2025-07-12 20:31:07,222] INFO: Gerando gráfico para DOT...
[2025-07-12 20:31:07,615] INFO: Gerando gráfico para ETH...
[2025-07-12 20:31:08,084] INFO: Gerando gráfico para SHIB...
[2025-07-12 20:31:08,501] INFO: Gerando gráfico para SOL...
[2025-07-12 20:31:09,125] INFO: Gerando gráfico para XRP...
[2025-07-13 15:46:27,580] INFO: Chaves disponíveis: dict_keys(['ADA', 'AVAX', 'BNB', 'BTC', 'DOGE', 'DOT', 'ETH', 'SHIB', 'SOL', 'XRP'])
[2025-07-13 15:46:27,600] INFO: Iniciando análise estatística...
[2025-07-13 15:46:28,024] INFO: Resumo estatístico calculado e exibido com sucesso.
[2025-07-13 15:46:28,024] INFO: Análise estatística concluída!
[2025-07-13 15:46:29,304] INFO: Gerando gráfico para ADA...
[2025-07-13 15:46:30,071] INFO: Gerando gráfico para AVAX...
[2025-07-13 15:46:30,542] INFO: Gerando gráfico para BNB...
[2025-07-13 15:46:31,134] INFO: Gerando gráfico para BTC...
[2025-07-13 15:46:31,746] INFO: Gerando gráfico para DOGE...
[2025-07-13 15:46:32,306] INFO: Gerando gráfico para DOT...
[2025-07-13 15:46:32,754] INFO: Gerando gráfico para ETH...
[2025-07-13 15:46:33,254] INFO: Gerando gráfico para SHIB...
[2025-07-13 15:46:33,747] INFO: Gerando gráfico para SOL...
[2025-07-13 15:46:34,264] INFO: Gerando gráfico para XRP...
[2025-07-13 16:29:17,445] INFO: Chaves disponíveis: dict_keys(['ADA', 'AVAX', 'BNB', 'BTC', 'DOGE', 'DOT', 'ETH', 'SHIB', 'SOL', 'XRP'])
[2025-07-13 16:29:17,464] INFO: Iniciando análise estatística...
[2025-07-13 16:29:17,789] INFO: Resumo estatístico calculado e exibido com sucesso.
[2025-07-13 16:29:17,789] INFO: Análise estatística concluída!
[2025-07-13 16:29:19,114] INFO: Gerando gráfico para ADA...
[2025-07-13 16:29:19,584] INFO: Gerando gráfico para AVAX...
[2025-07-13 16:29:20,036] INFO: Gerando gráfico para BNB...
[2025-07-13 16:29:20,501] INFO: Gerando gráfico para BTC...
[2025-07-13 16:29:20,924] INFO: Gerando gráfico para DOGE...
[2025-07-13 16:29:21,330] INFO: Gerando gráfico para DOT...
[2025-07-13 16:29:21,788] INFO: Gerando gráfico para ETH...
[2025-07-13 16:29:22,319] INFO: Gerando gráfico para SHIB...
[2025-07-13 16:29:22,853] INFO: Gerando gráfico para SOL...
[2025-07-13 16:29:23,242] INFO: Gerando gráfico para XRP...
[2025-07-13 18:57:57,046] INFO: Chaves disponíveis: dict_keys(['ADA', 'AVAX', 'BNB', 'BTC', 'DOGE', 'DOT', 'ETH', 'SHIB', 'SOL', 'XRP'])
[2025-07-13 18:57:57,050] INFO: Iniciando análise estatística...
[2025-07-13 18:57:57,304] INFO: Resumo estatístico calculado e exibido com sucesso.
[2025-07-13 18:57:57,305] INFO: Análise estatística concluída!
[2025-07-13 18:57:57,709] INFO: Gerando gráfico para ADA...
[2025-07-13 18:57:57,931] INFO: Gerando gráfico para AVAX...
[2025-07-13 18:57:58,110] INFO: Gerando gráfico para BNB...
[2025-07-13 18:57:58,293] INFO: Gerando gráfico para BTC...
[2025-07-13 18:57:58,474] INFO: Gerando gráfico para DOGE...
[2025-07-13 18:57:58,651] INFO: Gerando gráfico para DOT...
[2025-07-13 18:57:58,824] INFO: Gerando gráfico para ETH...
[2025-07-13 18:57:59,014] INFO: Gerando gráfico para SHIB...
[2025-07-13 18:57:59,191] INFO: Gerando gráfico para SOL...
[2025-07-13 18:57:59,370] INFO: Gerando gráfico para XRP...
